TN:
SF:source/index.ts
FN:19,(anonymous_1)
FN:23,(anonymous_2)
FN:32,(anonymous_3)
FN:35,(anonymous_4)
FN:38,(anonymous_5)
FN:41,(anonymous_6)
FN:42,(anonymous_7)
FNF:7
FNH:3
FNDA:1,(anonymous_1)
FNDA:1,(anonymous_2)
FNDA:0,(anonymous_3)
FNDA:1,(anonymous_4)
FNDA:0,(anonymous_5)
FNDA:0,(anonymous_6)
FNDA:0,(anonymous_7)
DA:1,1
DA:2,1
DA:10,1
DA:16,1
DA:20,1
DA:21,1
DA:24,1
DA:33,0
DA:36,1
DA:39,0
DA:42,0
DA:43,0
LF:12
LH:8
BRDA:19,0,0,1
BRDA:29,1,0,0
BRDA:29,1,1,1
BRF:3
BRH:2
end_of_record
TN:
SF:source/jobs/from-lcov.ts
FN:50,getCoverage
FN:51,(anonymous_2)
FN:57,getBranches
FN:58,(anonymous_4)
FN:67,getSourceFiles
FN:68,(anonymous_6)
FN:69,(anonymous_7)
FN:71,(anonymous_8)
FN:75,(anonymous_9)
FN:76,(anonymous_10)
FNF:10
FNH:0
FNDA:0,getCoverage
FNDA:0,(anonymous_2)
FNDA:0,getBranches
FNDA:0,(anonymous_4)
FNDA:0,getSourceFiles
FNDA:0,(anonymous_6)
FNDA:0,(anonymous_7)
FNDA:0,(anonymous_8)
FNDA:0,(anonymous_9)
FNDA:0,(anonymous_10)
DA:1,1
DA:2,1
DA:3,1
DA:4,1
DA:51,0
DA:52,0
DA:53,0
DA:58,0
DA:59,0
DA:60,0
DA:61,0
DA:62,0
DA:63,0
DA:67,1
DA:68,0
DA:69,0
DA:70,0
DA:71,0
DA:76,0
DA:77,0
DA:78,0
LF:21
LH:5
BRDA:76,0,0,0
BRF:1
BRH:0
end_of_record
TN:
SF:source/jobs/missing.ts
FN:74,hasLCOVPath
FN:78,getRunAt
FN:83,getJobBody
FN:84,(anonymous_3)
FN:98,(anonymous_4)
FNF:5
FNH:0
FNDA:0,hasLCOVPath
FNDA:0,getRunAt
FNDA:0,getJobBody
FNDA:0,(anonymous_3)
FNDA:0,(anonymous_4)
DA:2,1
DA:75,0
DA:79,0
DA:83,1
DA:84,0
DA:85,0
DA:97,0
DA:98,0
DA:99,0
DA:100,0
DA:103,0
DA:104,0
LF:12
LH:2
BRDA:78,0,0,0
BRDA:95,1,0,0
BRDA:95,1,1,0
BRDA:97,2,0,0
BRDA:97,2,1,0
BRF:5
BRH:0
end_of_record
